2025-07-05 17:40:51 enhance logging
2025-11-25 05:39:45 stabilize build
2025-03-18 00:22:10 update schema migration
2025-07-23 13:08:05 restructure project
2025-09-10 12:02:04 optimize function
2025-01-08 06:30:57 patch vulnerability
2025-01-19 23:54:28 stabilize build
2025-03-29 03:54:12 reorganize files
2025-05-18 09:31:14 fix warnings
2025-09-25 10:27:56 update API keys
2025-02-11 20:40:17 update gitignore
2025-08-21 03:14:05 fix permission issue
2025-09-10 06:31:03 add sample data
2025-06-09 10:02:29 update README
2025-05-02 15:09:56 add TODOs
2025-11-15 05:36:42 update gitignore
2025-04-26 00:23:33 rebuild project
2025-09-22 12:19:37 add fallback
2025-07-23 03:49:39 update configs
2025-12-23 18:58:13 update API docs
2025-01-29 08:18:40 update docs with examples
2025-12-08 21:25:52 adjust validation rules
2025-12-17 22:16:22 minor refactor
2025-01-12 22:12:06 add tests
2025-03-31 01:01:24 update roadmap
2025-11-16 14:58:22 small refactor
2025-05-02 06:52:57 fix compatibility
2025-08-29 16:43:17 style improvements
2025-02-26 05:07:39 remove unused import
2025-08-26 12:32:13 add tests
2025-11-06 21:38:46 simplify logic
2025-03-25 05:06:43 update LICENSE
2025-02-12 22:02:01 update headers
2025-09-21 02:30:39 update version
2025-08-01 10:34:02 enhance logging
2025-05-21 08:28:42 experimental changes
2025-08-04 19:26:13 better error handling
2025-04-22 01:58:25 reorganize files
2025-06-08 13:18:05 restructure modules
2025-08-12 05:29:38 remove legacy code
2025-06-14 00:54:39 update dependencies
2025-02-20 03:30:25 patch vulnerability
2025-04-29 05:15:09 update docs with examples
2025-04-05 08:46:04 minor refactor
2025-04-10 22:59:00 tweak configs
2025-05-16 18:38:46 remove debug output
2025-04-22 12:54:40 update gitignore
2025-08-22 18:19:16 add example file
2025-09-02 10:07:38 reformat code
2025-06-22 15:55:05 merge branch
2025-08-18 04:52:25 better error handling
2025-02-13 17:31:46 update API docs
